<?xml version="1.0" encoding="UTF-8"?>
<!-- Generated by org.testng.reporters.JUnitXMLReporter -->
<testsuite hostname="Adarshs-Mac-mini.local" name="Default test" tests="3" failures="0" timestamp="31 Jan 2016 10:08:20 GMT" time="0.359" errors="0">
  <testcase name="@BeforeTest beforeTest" time="0.0" classname="com.qm.tests.DemoTest">
    <failure type="org.testng.TestNGException" message="
Parameter &amp;apos;deviceName&amp;apos; is required by @Configuration on method beforeTest but has not been marked @Optional or defined
in /private/var/folders/yr/s0cvgscs76l2m9fj8v2mtnk80000gn/T/testng-eclipse--1847051319/testng-customsuite.xml">
      <![CDATA[org.testng.TestNGException: 
Parameter 'deviceName' is required by @Configuration on method beforeTest but has not been marked @Optional or defined
in /private/var/folders/yr/s0cvgscs76l2m9fj8v2mtnk80000gn/T/testng-eclipse--1847051319/testng-customsuite.xml
	at org.testng.internal.Parameters.createParameters(Parameters.java:148)
	at org.testng.internal.Parameters.createParameters(Parameters.java:361)
	at org.testng.internal.Parameters.createConfigurationParameters(Parameters.java:84)
	at org.testng.internal.Invoker.invokeConfigurations(Invoker.java:197)
	at org.testng.internal.Invoker.invokeConfigurations(Invoker.java:138)
	at org.testng.TestRunner.beforeRun(TestRunner.java:647)
	at org.testng.TestRunner.run(TestRunner.java:615)
	at org.testng.SuiteRunner.runTest(SuiteRunner.java:357)
	at org.testng.SuiteRunner.runSequentially(SuiteRunner.java:352)
	at org.testng.SuiteRunner.privateRun(SuiteRunner.java:310)
	at org.testng.SuiteRunner.run(SuiteRunner.java:259)
	at org.testng.SuiteRunnerWorker.runSuite(SuiteRunnerWorker.java:52)
	at org.testng.SuiteRunnerWorker.run(SuiteRunnerWorker.java:86)
	at org.testng.TestNG.runSuitesSequentially(TestNG.java:1185)
	at org.testng.TestNG.runSuitesLocally(TestNG.java:1110)
	at org.testng.TestNG.run(TestNG.java:1018)
	at org.testng.remote.RemoteTestNG.run(RemoteTestNG.java:111)
	at org.testng.remote.RemoteTestNG.initAndRun(RemoteTestNG.java:204)
	at org.testng.remote.RemoteTestNG.main(RemoteTestNG.java:175)
]]>
    </failure>
  </testcase> <!-- @BeforeTest beforeTest -->
  <testcase name="articleListingViewTest" time="0.005" classname="com.qm.tests.DemoTest">
    <skipped/>
  </testcase> <!-- articleListingViewTest -->
  <testcase name="articleListingViewTest2" time="0.001" classname="com.qm.tests.DemoTest">
    <skipped/>
  </testcase> <!-- articleListingViewTest2 -->
  <testcase name="articleListingViewTest3" time="0.001" classname="com.qm.tests.DemoTest">
    <skipped/>
  </testcase> <!-- articleListingViewTest3 -->
</testsuite> <!-- Default test -->
